2025-07-31 17:35:02 [INFO] file_cache is only supported with oauth2client<4.0.0
2025-07-31 17:35:21 [INFO] file_cache is only supported with oauth2client<4.0.0
2025-07-31 17:36:47 [INFO] file_cache is only supported with oauth2client<4.0.0
2025-07-31 17:36:47 [INFO] Fetching data for channel: UCYzEMRKqrh01-tauv7MYyVQ
2025-07-31 17:36:50 [INFO] Data inserted for channel: UCYzEMRKqrh01-tauv7MYyVQ
2025-07-31 17:36:50 [INFO] Fetching data for channel: UCsXVk37bltHxD1rDPwtNM8Q
2025-07-31 17:36:52 [INFO] Data inserted for channel: UCsXVk37bltHxD1rDPwtNM8Q
2025-07-31 17:36:52 [INFO] Fetching data for channel: UCAuUUnT6oDeKwE6v1NGQxug
2025-07-31 17:36:53 [WARNING] Encountered 403 Forbidden with reason "quotaExceeded"
2025-07-31 17:36:53 [ERROR] Failed to process channel UCAuUUnT6oDeKwE6v1NGQxug: <HttpError 403 when requesting https://youtube.googleapis.com/youtube/v3/search?part=snippet&channelId=UCAuUUnT6oDeKwE6v1NGQxug&maxResults=5&order=date&type=video&key=AIzaSyCsLNBL1zNOJx_mzVrzmnNcUhLJ11ETfmM&alt=json returned "The request cannot be completed because you have exceeded your <a href="/youtube/v3/getting-started#quota">quota</a>.". Details: "[{'message': 'The request cannot be completed because you have exceeded your <a href="/youtube/v3/getting-started#quota">quota</a>.', 'domain': 'youtube.quota', 'reason': 'quotaExceeded'}]">
2025-07-31 17:36:53 [INFO] Fetching data for channel: UCHnyfMqiRRG1u-2MsSQLbXA
2025-07-31 17:36:53 [WARNING] Encountered 403 Forbidden with reason "quotaExceeded"
2025-07-31 17:36:53 [ERROR] Failed to process channel UCHnyfMqiRRG1u-2MsSQLbXA: <HttpError 403 when requesting https://youtube.googleapis.com/youtube/v3/search?part=snippet&channelId=UCHnyfMqiRRG1u-2MsSQLbXA&maxResults=5&order=date&type=video&key=AIzaSyCsLNBL1zNOJx_mzVrzmnNcUhLJ11ETfmM&alt=json returned "The request cannot be completed because you have exceeded your <a href="/youtube/v3/getting-started#quota">quota</a>.". Details: "[{'message': 'The request cannot be completed because you have exceeded your <a href="/youtube/v3/getting-started#quota">quota</a>.', 'domain': 'youtube.quota', 'reason': 'quotaExceeded'}]">
2025-07-31 17:36:53 [INFO] Fetching data for channel: UCX6b17PVsYBQ0ip5gyeme-Q
2025-07-31 17:36:54 [WARNING] Encountered 403 Forbidden with reason "quotaExceeded"
2025-07-31 17:36:54 [ERROR] Failed to process channel UCX6b17PVsYBQ0ip5gyeme-Q: <HttpError 403 when requesting https://youtube.googleapis.com/youtube/v3/search?part=snippet&channelId=UCX6b17PVsYBQ0ip5gyeme-Q&maxResults=5&order=date&type=video&key=AIzaSyCsLNBL1zNOJx_mzVrzmnNcUhLJ11ETfmM&alt=json returned "The request cannot be completed because you have exceeded your <a href="/youtube/v3/getting-started#quota">quota</a>.". Details: "[{'message': 'The request cannot be completed because you have exceeded your <a href="/youtube/v3/getting-started#quota">quota</a>.', 'domain': 'youtube.quota', 'reason': 'quotaExceeded'}]">
2025-07-31 17:36:54 [INFO] Fetching data for channel: UC8butISFwT-Wl7EV0hUK0BQ
2025-07-31 17:36:54 [WARNING] Encountered 403 Forbidden with reason "quotaExceeded"
2025-07-31 17:36:54 [ERROR] Failed to process channel UC8butISFwT-Wl7EV0hUK0BQ: <HttpError 403 when requesting https://youtube.googleapis.com/youtube/v3/search?part=snippet&channelId=UC8butISFwT-Wl7EV0hUK0BQ&maxResults=5&order=date&type=video&key=AIzaSyCsLNBL1zNOJx_mzVrzmnNcUhLJ11ETfmM&alt=json returned "The request cannot be completed because you have exceeded your <a href="/youtube/v3/getting-started#quota">quota</a>.". Details: "[{'message': 'The request cannot be completed because you have exceeded your <a href="/youtube/v3/getting-started#quota">quota</a>.', 'domain': 'youtube.quota', 'reason': 'quotaExceeded'}]">
2025-07-31 17:36:54 [INFO] Fetching data for channel: UCJr72fY4cTaNZv7WPbvjaSw
2025-07-31 17:36:54 [WARNING] Encountered 403 Forbidden with reason "quotaExceeded"
2025-07-31 17:36:54 [ERROR] Failed to process channel UCJr72fY4cTaNZv7WPbvjaSw: <HttpError 403 when requesting https://youtube.googleapis.com/youtube/v3/search?part=snippet&channelId=UCJr72fY4cTaNZv7WPbvjaSw&maxResults=5&order=date&type=video&key=AIzaSyCsLNBL1zNOJx_mzVrzmnNcUhLJ11ETfmM&alt=json returned "The request cannot be completed because you have exceeded your <a href="/youtube/v3/getting-started#quota">quota</a>.". Details: "[{'message': 'The request cannot be completed because you have exceeded your <a href="/youtube/v3/getting-started#quota">quota</a>.', 'domain': 'youtube.quota', 'reason': 'quotaExceeded'}]">
2025-07-31 17:36:54 [INFO] Fetching data for channel: UC_x5XG1OV2P6uZZ5FSM9Ttw
2025-07-31 17:36:55 [WARNING] Encountered 403 Forbidden with reason "quotaExceeded"
2025-07-31 17:36:55 [ERROR] Failed to process channel UC_x5XG1OV2P6uZZ5FSM9Ttw: <HttpError 403 when requesting https://youtube.googleapis.com/youtube/v3/search?part=snippet&channelId=UC_x5XG1OV2P6uZZ5FSM9Ttw&maxResults=5&order=date&type=video&key=AIzaSyCsLNBL1zNOJx_mzVrzmnNcUhLJ11ETfmM&alt=json returned "The request cannot be completed because you have exceeded your <a href="/youtube/v3/getting-started#quota">quota</a>.". Details: "[{'message': 'The request cannot be completed because you have exceeded your <a href="/youtube/v3/getting-started#quota">quota</a>.', 'domain': 'youtube.quota', 'reason': 'quotaExceeded'}]">
2025-07-31 17:36:55 [INFO] Fetching data for channel: UC295-Dw_tDNtZXFeAPAW6Aw
2025-07-31 17:36:55 [WARNING] Encountered 403 Forbidden with reason "quotaExceeded"
2025-07-31 17:36:55 [ERROR] Failed to process channel UC295-Dw_tDNtZXFeAPAW6Aw: <HttpError 403 when requesting https://youtube.googleapis.com/youtube/v3/search?part=snippet&channelId=UC295-Dw_tDNtZXFeAPAW6Aw&maxResults=5&order=date&type=video&key=AIzaSyCsLNBL1zNOJx_mzVrzmnNcUhLJ11ETfmM&alt=json returned "The request cannot be completed because you have exceeded your <a href="/youtube/v3/getting-started#quota">quota</a>.". Details: "[{'message': 'The request cannot be completed because you have exceeded your <a href="/youtube/v3/getting-started#quota">quota</a>.', 'domain': 'youtube.quota', 'reason': 'quotaExceeded'}]">
2025-07-31 17:36:55 [INFO] Fetching data for channel: UC29ju8bIPH5as8OGnQzwJyA
2025-07-31 17:36:56 [WARNING] Encountered 403 Forbidden with reason "quotaExceeded"
2025-07-31 17:36:56 [ERROR] Failed to process channel UC29ju8bIPH5as8OGnQzwJyA: <HttpError 403 when requesting https://youtube.googleapis.com/youtube/v3/search?part=snippet&channelId=UC29ju8bIPH5as8OGnQzwJyA&maxResults=5&order=date&type=video&key=AIzaSyCsLNBL1zNOJx_mzVrzmnNcUhLJ11ETfmM&alt=json returned "The request cannot be completed because you have exceeded your <a href="/youtube/v3/getting-started#quota">quota</a>.". Details: "[{'message': 'The request cannot be completed because you have exceeded your <a href="/youtube/v3/getting-started#quota">quota</a>.', 'domain': 'youtube.quota', 'reason': 'quotaExceeded'}]">
2025-07-31 17:36:56 [INFO] All channels processed successfully!
2025-07-31 17:36:56 [INFO] Database connection closed.
